[2025-02-28 02:26:14] [1] [WARN] Reporting disabled: using no op test run registrar
[2025-02-28 02:26:14] [1] [INFO] TEST [WebTestAutomation - addProductsToCartTest] STARTED at [23:26:14 2025-02-27]
[2025-02-28 02:26:14] [1] [INFO] Starting driver session...
[2025-02-28 02:26:14] [1] [INFO] Set Chrome language to: en
[2025-02-28 02:26:14] [1] [ERROR] TEST [WebTestAutomation - addProductsToCartTest] FAILED at [23:26:14 2025-02-27] - Could not start a new session. Possible causes are invalid address of the remote server or browser start-up failure. 
Host info: host: 'MANU', ip: '192.168.129.143'
Build info: version: '4.7.0', revision: '0a5b49d16f'
System info: os.name: 'Windows 11', os.arch: 'amd64', os.version: '10.0', java.version: '21.0.5'
Driver info: org.openqa.selenium.remote.RemoteWebDriver
Command: [null, newSession {capabilities=[Capabilities {acceptInsecureCerts: true, browserName: chrome, goog:chromeOptions: {args: [--test-type, --lang=en, --start-maximized, --ignore-ssl-errors], extensions: [], prefs: {intl.accept_languages: en}}}], desiredCapabilities=Capabilities {acceptInsecureCerts: true, browserName: chrome, goog:chromeOptions: {args: [--test-type, --lang=en, --start-maximized, --ignore-ssl-errors], extensions: [], prefs: {intl.accept_languages: en}}}}]
Capabilities {}

org.openqa.selenium.remote.RemoteWebDriver.execute(RemoteWebDriver.java:559)
org.openqa.selenium.remote.RemoteWebDriver.startSession(RemoteWebDriver.java:242)
org.openqa.selenium.remote.RemoteWebDriver.<init>(RemoteWebDriver.java:157)
com.zebrunner.carina.webdriver.core.factory.impl.DesktopFactory.create(DesktopFactory.java:85)
com.zebrunner.carina.webdriver.core.factory.DriverFactory.create(DriverFactory.java:87)
com.zebrunner.carina.webdriver.IDriverPool.createDriver(IDriverPool.java:364)
com.zebrunner.carina.webdriver.IDriverPool.getDriver(IDriverPool.java:117)
com.zebrunner.carina.webdriver.IDriverPool.getDriver(IDriverPool.java:80)
com.zebrunner.carina.webdriver.IDriverPool.getDriver(IDriverPool.java:68)
com.solvd.carina.demo.InterviewTaskTest.addProductsToCartTest(InterviewTaskTest.java:20)
java.base/jdk.internal.reflect.DirectMethodHandleAccessor.invoke(DirectMethodHandleAccessor.java:103)
java.base/java.lang.reflect.Method.invoke(Method.java:580)
org.testng.internal.invokers.MethodInvocationHelper.invokeMethod(MethodInvocationHelper.java:139)
org.testng.internal.invokers.TestInvoker.invokeMethod(TestInvoker.java:677)
org.testng.internal.invokers.TestInvoker.invokeTestMethod(TestInvoker.java:221)
org.testng.internal.invokers.MethodRunner.runInSequence(MethodRunner.java:50)
org.testng.internal.invokers.TestInvoker$MethodInvocationAgent.invoke(TestInvoker.java:969)
org.testng.internal.invokers.TestInvoker.invokeTestMethods(TestInvoker.java:194)
org.testng.internal.invokers.TestMethodWorker.invokeTestMethods(TestMethodWorker.java:148)
org.testng.internal.invokers.TestMethodWorker.run(TestMethodWorker.java:128)
java.base/java.util.ArrayList.forEach(ArrayList.java:1596)
org.testng.TestRunner.privateRun(TestRunner.java:829)
org.testng.TestRunner.run(TestRunner.java:602)
org.testng.SuiteRunner.runTest(SuiteRunner.java:437)
org.testng.SuiteRunner.runSequentially(SuiteRunner.java:431)
org.testng.SuiteRunner.privateRun(SuiteRunner.java:391)
org.testng.SuiteRunner.run(SuiteRunner.java:330)
org.testng.SuiteRunnerWorker.runSuite(SuiteRunnerWorker.java:52)
org.testng.SuiteRunnerWorker.run(SuiteRunnerWorker.java:95)
org.testng.TestNG.runSuitesSequentially(TestNG.java:1256)
org.testng.TestNG.runSuitesLocally(TestNG.java:1176)
org.testng.TestNG.runSuites(TestNG.java:1099)
org.testng.TestNG.run(TestNG.java:1067)
com.intellij.rt.testng.IDEARemoteTestNG.run(IDEARemoteTestNG.java:65)
com.intellij.rt.testng.RemoteTestNGStarter.main(RemoteTestNGStarter.java:105)
